2025-06-02 09:45:46 INFO Going to convert document batch...
2025-06-02 09:45:46 INFO Initializing pipeline for StandardPdfPipeline with options hash 70041f74270850b7bedf7c8f5c2dcede
2025-06-02 09:45:46 INFO Loading plugin 'docling_defaults'
2025-06-02 09:45:46 INFO Registered ocr engines: ['easyocr', 'ocrmac', 'rapidocr', 'tesserocr', 'tesseract']
2025-06-02 09:45:46 INFO Accelerator device: 'cpu'
2025-06-02 09:45:48 INFO Accelerator device: 'cpu'
2025-06-02 09:45:50 INFO Accelerator device: 'cpu'
2025-06-02 09:45:50 INFO Loading plugin 'docling_defaults'
2025-06-02 09:45:50 INFO Registered picture descriptions: ['vlm', 'api']
2025-06-02 09:45:50 INFO Processing document teste_docling.pdf
2025-06-02 09:45:52 INFO Finished converting document teste_docling.pdf in 6.89 sec.
2025-06-02 09:47:49 INFO Going to convert document batch...
2025-06-02 09:47:49 INFO Initializing pipeline for StandardPdfPipeline with options hash 70041f74270850b7bedf7c8f5c2dcede
2025-06-02 09:47:49 INFO Loading plugin 'docling_defaults'
2025-06-02 09:47:49 INFO Registered ocr engines: ['easyocr', 'ocrmac', 'rapidocr', 'tesserocr', 'tesseract']
2025-06-02 09:47:50 INFO Accelerator device: 'cpu'
2025-06-02 09:47:53 INFO Accelerator device: 'cpu'
2025-06-02 09:47:55 INFO Accelerator device: 'cpu'
2025-06-02 09:47:56 INFO Loading plugin 'docling_defaults'
2025-06-02 09:47:56 INFO Registered picture descriptions: ['vlm', 'api']
2025-06-02 09:47:56 INFO Processing document teste_docling.pdf
2025-06-02 09:47:58 INFO Finished converting document teste_docling.pdf in 8.55 sec.
2025-06-02 12:26:54 INFO Going to convert document batch...
2025-06-02 12:26:54 INFO Initializing pipeline for StandardPdfPipeline with options hash 70041f74270850b7bedf7c8f5c2dcede
2025-06-02 12:26:54 INFO Loading plugin 'docling_defaults'
2025-06-02 12:26:54 INFO Registered ocr engines: ['easyocr', 'ocrmac', 'rapidocr', 'tesserocr', 'tesseract']
2025-06-02 12:26:54 INFO Accelerator device: 'cpu'
2025-06-02 12:27:00 INFO Accelerator device: 'cpu'
2025-06-02 12:27:03 INFO Accelerator device: 'cpu'
2025-06-02 12:27:05 INFO Loading plugin 'docling_defaults'
2025-06-02 12:27:05 INFO Registered picture descriptions: ['vlm', 'api']
2025-06-02 12:27:05 INFO Processing document teste_docling.pdf
2025-06-02 12:27:08 INFO Finished converting document teste_docling.pdf in 14.39 sec.
2025-06-02 12:27:24 INFO Texto gerado salvo em: gerado_20250602_122724.txt
2025-06-02 14:15:20 INFO Arquivo teste_docling.pdf recebido e salvo em arquivos\teste_docling.pdf
2025-06-02 14:15:20 INFO Iniciando extração de texto do PDF: arquivos\teste_docling.pdf
2025-06-02 14:15:25 INFO Going to convert document batch...
2025-06-02 14:15:25 INFO Initializing pipeline for StandardPdfPipeline with options hash 70041f74270850b7bedf7c8f5c2dcede
2025-06-02 14:15:25 INFO Loading plugin 'docling_defaults'
2025-06-02 14:15:25 INFO Registered ocr engines: ['easyocr', 'ocrmac', 'rapidocr', 'tesserocr', 'tesseract']
2025-06-02 14:15:27 INFO Accelerator device: 'cpu'
2025-06-02 14:15:35 INFO Accelerator device: 'cpu'
2025-06-02 14:15:39 INFO Accelerator device: 'cpu'
2025-06-02 14:15:40 INFO Loading plugin 'docling_defaults'
2025-06-02 14:15:40 INFO Registered picture descriptions: ['vlm', 'api']
2025-06-02 14:15:40 INFO Processing document teste_docling.pdf
2025-06-02 14:15:44 INFO Finished converting document teste_docling.pdf in 23.25 sec.
2025-06-02 14:15:44 INFO Texto extraído com sucesso do PDF: arquivos\teste_docling.pdf
2025-06-02 14:15:44 INFO Texto extraído com sucesso do arquivo: teste_docling.pdf
2025-06-02 14:15:44 INFO Iniciando geração de continuação para texto com 304 caracteres.
2025-06-02 14:16:00 INFO Geração de texto concluída com sucesso
2025-06-02 14:16:00 INFO Texto gerado salvo em: arquivos_gerados\2025-06-02\gerado_141600.txt
2025-06-02 14:16:00 INFO Continuação gerada com sucesso para o arquivo: teste_docling.pdf
2025-06-02 14:16:00 INFO Resposta pronta para enviar para o cliente, arquivo teste_docling.pdf
2025-06-02 14:17:53 INFO Arquivo teste_docling.pdf recebido e salvo em arquivos\teste_docling.pdf
2025-06-02 14:17:53 INFO Iniciando extração de texto do PDF: arquivos\teste_docling.pdf
2025-06-02 14:17:53 INFO Going to convert document batch...
2025-06-02 14:17:53 INFO Initializing pipeline for StandardPdfPipeline with options hash 70041f74270850b7bedf7c8f5c2dcede
2025-06-02 14:17:53 INFO Accelerator device: 'cpu'
2025-06-02 14:17:59 INFO Accelerator device: 'cpu'
2025-06-02 14:18:00 INFO Accelerator device: 'cpu'
2025-06-02 14:18:01 INFO Processing document teste_docling.pdf
2025-06-02 14:18:03 INFO Finished converting document teste_docling.pdf in 9.08 sec.
2025-06-02 14:18:03 INFO Texto extraído com sucesso do PDF: arquivos\teste_docling.pdf
2025-06-02 14:18:03 INFO Texto extraído com sucesso do arquivo: teste_docling.pdf
2025-06-02 14:18:03 INFO Iniciando geração de continuação para texto com 304 caracteres.
2025-06-02 14:18:14 INFO Geração de texto concluída com sucesso
2025-06-02 14:18:14 INFO Texto gerado salvo em: arquivos_gerados\2025-06-02\gerado_141814.txt
2025-06-02 14:18:14 INFO Continuação gerada com sucesso para o arquivo: teste_docling.pdf
2025-06-02 14:18:14 INFO Resposta pronta para enviar para o cliente, arquivo teste_docling.pdf
2025-06-02 14:49:10 INFO Arquivo teste_docling.pdf recebido e salvo em arquivos\teste_docling.pdf
2025-06-02 14:49:10 INFO Iniciando extração de texto do PDF: arquivos\teste_docling.pdf
2025-06-02 14:49:11 INFO Going to convert document batch...
2025-06-02 14:49:11 INFO Initializing pipeline for StandardPdfPipeline with options hash 70041f74270850b7bedf7c8f5c2dcede
2025-06-02 14:49:11 INFO Loading plugin 'docling_defaults'
2025-06-02 14:49:11 INFO Registered ocr engines: ['easyocr', 'ocrmac', 'rapidocr', 'tesserocr', 'tesseract']
2025-06-02 14:49:11 INFO Accelerator device: 'cpu'
2025-06-02 14:49:19 INFO Accelerator device: 'cpu'
2025-06-02 14:49:21 INFO Accelerator device: 'cpu'
2025-06-02 14:49:23 INFO Loading plugin 'docling_defaults'
2025-06-02 14:49:23 INFO Registered picture descriptions: ['vlm', 'api']
2025-06-02 14:49:23 INFO Processing document teste_docling.pdf
2025-06-02 14:49:26 INFO Finished converting document teste_docling.pdf in 15.83 sec.
2025-06-02 14:49:26 INFO Texto extraído com sucesso do PDF: arquivos\teste_docling.pdf
2025-06-02 14:49:26 INFO Texto extraído com sucesso do arquivo: teste_docling.pdf
2025-06-02 14:49:26 INFO Iniciando geração de continuação para texto com 304 caracteres.
2025-06-02 14:49:43 INFO Geração de texto concluída com sucesso
2025-06-02 14:49:43 INFO Texto gerado salvo em: arquivos_gerados\2025-06-02\gerado_144943.txt
2025-06-02 14:49:43 INFO Continuação gerada com sucesso para o arquivo: teste_docling.pdf
2025-06-02 14:49:43 INFO Resposta pronta para enviar para o cliente, arquivo teste_docling.pdf
2025-06-02 15:47:15 INFO Arquivo teste_docling.pdf recebido e salvo em arquivos\teste_docling.pdf
2025-06-02 15:47:15 INFO Iniciando extração de texto do PDF: arquivos\teste_docling.pdf
2025-06-02 15:47:15 INFO Going to convert document batch...
2025-06-02 15:47:15 INFO Initializing pipeline for StandardPdfPipeline with options hash 70041f74270850b7bedf7c8f5c2dcede
2025-06-02 15:47:15 INFO Loading plugin 'docling_defaults'
2025-06-02 15:47:15 INFO Registered ocr engines: ['easyocr', 'ocrmac', 'rapidocr', 'tesserocr', 'tesseract']
2025-06-02 15:47:15 INFO Accelerator device: 'cpu'
2025-06-02 15:47:18 INFO Accelerator device: 'cpu'
2025-06-02 15:47:20 INFO Accelerator device: 'cpu'
2025-06-02 15:47:20 INFO Loading plugin 'docling_defaults'
2025-06-02 15:47:20 INFO Registered picture descriptions: ['vlm', 'api']
2025-06-02 15:47:20 INFO Processing document teste_docling.pdf
2025-06-02 15:47:23 INFO Finished converting document teste_docling.pdf in 7.56 sec.
2025-06-02 15:47:23 INFO Texto extraído com sucesso do PDF: arquivos\teste_docling.pdf
2025-06-02 15:47:23 INFO Texto extraído com sucesso do arquivo: teste_docling.pdf
2025-06-02 15:47:23 INFO Iniciando geração de continuação para texto com 304 caracteres.
2025-06-02 15:47:33 INFO Geração de texto concluída com sucesso
2025-06-02 15:47:33 INFO Texto gerado salvo em: arquivos_gerados\2025-06-02\gerado_154733.txt
2025-06-02 15:47:33 INFO Continuação gerada com sucesso para o arquivo: teste_docling.pdf
2025-06-02 15:47:33 INFO Resposta pronta para enviar para o cliente, arquivo teste_docling.pdf
2025-06-02 15:50:04 INFO Arquivo teste_docling.pdf recebido e salvo em arquivos\teste_docling.pdf
2025-06-02 15:50:04 INFO Iniciando extração de texto do PDF: arquivos\teste_docling.pdf
2025-06-02 15:50:04 INFO Going to convert document batch...
2025-06-02 15:50:04 INFO Initializing pipeline for StandardPdfPipeline with options hash 70041f74270850b7bedf7c8f5c2dcede
2025-06-02 15:50:04 INFO Loading plugin 'docling_defaults'
2025-06-02 15:50:04 INFO Registered ocr engines: ['easyocr', 'ocrmac', 'rapidocr', 'tesserocr', 'tesseract']
2025-06-02 15:50:04 INFO Accelerator device: 'cpu'
2025-06-02 15:50:07 INFO Accelerator device: 'cpu'
2025-06-02 15:50:08 INFO Accelerator device: 'cpu'
2025-06-02 15:50:09 INFO Loading plugin 'docling_defaults'
2025-06-02 15:50:09 INFO Registered picture descriptions: ['vlm', 'api']
2025-06-02 15:50:09 INFO Processing document teste_docling.pdf
2025-06-02 15:50:11 INFO Finished converting document teste_docling.pdf in 6.34 sec.
2025-06-02 15:50:11 INFO Texto extraído com sucesso do PDF: arquivos\teste_docling.pdf
2025-06-02 15:50:11 INFO Texto extraído com sucesso do arquivo: teste_docling.pdf
2025-06-02 15:50:11 INFO Iniciando geração de continuação para texto com 304 caracteres.
2025-06-02 15:50:14 INFO Geração de texto concluída com sucesso
2025-06-02 15:50:14 INFO Texto gerado salvo em: arquivos_gerados\2025-06-02\gerado_155014.txt
2025-06-02 15:50:14 INFO Continuação gerada com sucesso para o arquivo: teste_docling.pdf
2025-06-02 15:50:14 INFO Resposta pronta para enviar para o cliente, arquivo teste_docling.pdf
2025-06-02 16:10:02 INFO Arquivo teste_docling.pdf recebido e salvo em arquivos\teste_docling.pdf
2025-06-02 16:10:02 INFO Iniciando extração de texto do PDF: arquivos\teste_docling.pdf
2025-06-02 16:10:02 INFO Going to convert document batch...
2025-06-02 16:10:02 INFO Initializing pipeline for StandardPdfPipeline with options hash 70041f74270850b7bedf7c8f5c2dcede
2025-06-02 16:10:02 INFO Loading plugin 'docling_defaults'
2025-06-02 16:10:02 INFO Registered ocr engines: ['easyocr', 'ocrmac', 'rapidocr', 'tesserocr', 'tesseract']
2025-06-02 16:10:03 INFO Accelerator device: 'cpu'
2025-06-02 16:10:05 INFO Accelerator device: 'cpu'
2025-06-02 16:10:07 INFO Accelerator device: 'cpu'
2025-06-02 16:10:07 INFO Loading plugin 'docling_defaults'
2025-06-02 16:10:07 INFO Registered picture descriptions: ['vlm', 'api']
2025-06-02 16:10:07 INFO Processing document teste_docling.pdf
2025-06-02 16:10:09 INFO Finished converting document teste_docling.pdf in 7.08 sec.
2025-06-02 16:10:09 INFO Texto extraído com sucesso do PDF: arquivos\teste_docling.pdf
2025-06-02 16:10:09 INFO Texto extraído com sucesso do arquivo: teste_docling.pdf
2025-06-02 16:10:09 INFO Iniciando geração de continuação para texto com 304 caracteres.
2025-06-02 16:10:17 INFO Geração de texto concluída com sucesso
2025-06-02 16:10:17 INFO Texto gerado salvo em: arquivos_gerados\2025-06-02\gerado_161017.txt
2025-06-02 16:10:17 INFO Continuação gerada com sucesso para o arquivo: teste_docling.pdf
2025-06-02 16:10:17 INFO Resposta pronta para enviar para o cliente, arquivo teste_docling.pdf
